Xinu directory is /usr/Xinu
Installing source file ../man/man1/Makefile.RAW
Installing source file ../man/man2/Makefile.RAW
Installing source file ../man/man3/Makefile.RAW
Installing source file ../man/man0/Makefile.RAW
Installing source file ../man/man4/Makefile.RAW
Installing source file ../src/sys/sys/shell/Makefile.RAW
Installing source file ../src/sys/sys/Doform.RAW
Installing source file ../src/sys/sys/Makefile.RAW
Installing source file ../src/sys/sys/Mknlist.RAW
Installing source file ../src/sys/sys/naminit.c.RAW
Installing source file ../src/sys/Makeall.RAW
Installing source file ../src/lib/libxc/Makefile.RAW
Installing source file ../src/lib/standalone/Makefile.RAW
Installing source file ../src/lib/libeis/Makefile.RAW
Installing source file ../src/lib/lib58/Makefile.RAW
Installing source file ../src/cmd/sub11/Makefile.RAW
Installing source file ../src/cmd/as11/Makefile.RAW
Installing source file ../src/cmd/as11/as11.c.RAW
Installing source file ../src/cmd/cc11/Makefile.RAW
Installing source file ../src/cmd/cc11/cc11.c.RAW
Installing source file ../src/cmd/cpp11/Makefile.RAW
Installing source file ../src/cmd/pm/Makefile.RAW
Installing source file ../src/cmd/download/OLD/eload/src/Makefile.RAW
Installing source file ../src/cmd/download/OLD/eload/lib/Makefile.RAW
Installing source file ../src/cmd/download/OLD/VERYOLD/LSIunlock.c.RAW
Installing source file ../src/cmd/download/OLD/VERYOLD/Makefile.RAW
Installing source file ../src/cmd/download/OLD/VERYOLD/download.c.RAW
Installing source file ../src/cmd/download/OLD/VERYOLD/getlsi.c.RAW
Installing source file ../src/cmd/download/OLD/VERYOLD/lusers.c.RAW
Installing source file ../src/cmd/download/OLD/VERYOLD/upload.c.RAW
Installing source file ../src/cmd/download/OLD/Makefile.RAW
Installing source file ../src/cmd/download/OLD/download.c.RAW
Installing source file ../src/cmd/download/OLD/odt.c.RAW
Installing source file ../src/cmd/download/OLD/upload.c.RAW
Installing source file ../src/cmd/download/vax/h/ethdown.h.RAW
Installing source file ../src/cmd/download/vax/h/vaxdl.h.RAW
Installing source file ../src/cmd/download/vax/h/vdownload.h.RAW
Installing source file ../src/cmd/download/vax/eload/src/Makefile.RAW
Installing source file ../src/cmd/download/vax/src/Makefile.RAW
Installing source file ../src/cmd/download/cmd/Makefile.RAW
Installing source file ../src/cmd/download/h/download.h.RAW
Installing source file ../src/cmd/download/h/getdev.h.RAW
Installing source file ../src/cmd/download/h/upload.h.RAW
Installing source file ../src/cmd/download/lib/Makefile.RAW
Installing source file ../src/cmd/download/lsi11/eload/h/ethdown.h.RAW
Installing source file ../src/cmd/download/lsi11/eload/lib/Makefile.RAW
Installing source file ../src/cmd/download/lsi11/eload/src/en.sh.RAW
Installing source file ../src/cmd/download/lsi11/eload/src/Makefile.RAW
Installing source file ../src/cmd/download/lsi11/eload/src/Mknlist.RAW
Installing source file ../src/cmd/download/lsi11/h/ethdown.h.RAW
Installing source file ../src/cmd/download/lsi11/h/lsidl.h.RAW
Installing source file ../src/cmd/download/lsi11/h/lsiul.h.RAW
Installing source file ../src/cmd/download/lsi11/src/Makefile.RAW
Installing source file ../src/cmd/fs/fsd.c.RAW
Installing source file ../src/cmd/fs/Makefile.RAW
Installing source file ../src/cmd/fs/Doform.RAW
Installing source file ../src/cmd/Makefile.RAW
Installing source file ../src/cmd/dd58.c.RAW
Installing source file ../src/cmd/ld11.c.RAW
Installing source file ../src/cmd/nm11.c.RAW
Installing source file ../src/cmd/ranlib11.c.RAW
Installing source file ../src/cmd/size11.c.RAW
Installing source file ../src/cmd/strip11.c.RAW
Installing source file ../src/serve11/sys/shell/Makefile.RAW
Installing source file ../src/serve11/sys/Makefile.RAW
Installing source file ../src/serve11/sys/Mknlist.RAW
Installing source file ../src/serve11/sys/naminit.c.RAW
Installing source file ../contrib/ether.monitor/etc/Makefile.RAW
Installing source file ../contrib/ether.monitor/sys/Makefile.RAW
Finished installing Xinu source files.

To complete installation, change to directory
../src and type  ./Makeall  (you may want to
run it in background and go out for coffee).
